<?xml version="1.0" encoding="UTF-8"?>
<robot generator="Robot 5.0.1 (Python 3.10.7 on win32)" generated="20220930 20:45:52.299" rpa="false" schemaversion="3">
<suite id="s1" name="Webautomation" source="C:\Users\m4rco\Desktop\phatreinamento\tests\features\webautomation.robot">
<kw name="Abrir o meu navegador" library="hooks" type="SETUP">
<kw name="Open Browser" library="SeleniumLibrary">
<arg>${URL}</arg>
<arg>${BROWSER}</arg>
<doc>Opens a new browser instance to the optional ``url``.</doc>
<msg timestamp="20220930 20:45:52.719" level="INFO">Opening browser 'chrome' to base url 'https://learningprime.com.br/'.</msg>
<status status="PASS" starttime="20220930 20:45:52.718" endtime="20220930 20:45:58.360"/>
</kw>
<kw name="Maximize Browser Window" library="SeleniumLibrary">
<doc>Maximizes current browser window.</doc>
<status status="PASS" starttime="20220930 20:45:58.360" endtime="20220930 20:45:58.491"/>
</kw>
<status status="PASS" starttime="20220930 20:45:52.717" endtime="20220930 20:45:58.491"/>
</kw>
<test id="s1-t1" name="Cenario: Buscando uma roupa" line="11">
<kw name="Dado que eu esteja na tela Home do site" library="kws_busca">
<kw name="Title Should Be" library="SeleniumLibrary">
<arg>Learning Prime Store</arg>
<doc>Verifies that the current page title equals ``title``.</doc>
<msg timestamp="20220930 20:45:58.497" level="INFO">Page title is 'Learning Prime Store'.</msg>
<status status="PASS" starttime="20220930 20:45:58.493" endtime="20220930 20:45:58.498"/>
</kw>
<kw name="Wait Until Page Contains" library="SeleniumLibrary">
<arg>Comprar por Categories</arg>
<arg>5</arg>
<doc>Waits until ``text`` appears on the current page.</doc>
<status status="PASS" starttime="20220930 20:45:58.498" endtime="20220930 20:45:58.517"/>
</kw>
<status status="PASS" starttime="20220930 20:45:58.493" endtime="20220930 20:45:58.517"/>
</kw>
<kw name="Quando pesquisar o produto" library="kws_busca">
<arg>Bag</arg>
<kw name="Input Text" library="SeleniumLibrary">
<arg>${HOME.INPUT_BUSCA}</arg>
<arg>${PRODUTO}</arg>
<doc>Types the given ``text`` into the text field identified by ``locator``.</doc>
<msg timestamp="20220930 20:45:58.519" level="INFO">Typing text 'Bag' into text field '//input[@id='keywords']'.</msg>
<status status="PASS" starttime="20220930 20:45:58.518" endtime="20220930 20:45:58.618"/>
</kw>
<kw name="Click Element" library="SeleniumLibrary">
<arg>${HOME.BTN_BUSCAR}</arg>
<doc>Click the element identified by ``locator``.</doc>
<msg timestamp="20220930 20:45:58.619" level="INFO">Clicking element '//input[@type='submit' and @value='Busca']'.</msg>
<status status="PASS" starttime="20220930 20:45:58.618" endtime="20220930 20:45:59.160"/>
</kw>
<status status="PASS" starttime="20220930 20:45:58.517" endtime="20220930 20:45:59.160"/>
</kw>
<kw name="Então o produto deve ser apresentado com sucesso" library="kws_busca">
<kw name="Wait Until Page Contains" library="SeleniumLibrary">
<arg>Resultados da busca por 'Bag'</arg>
<doc>Waits until ``text`` appears on the current page.</doc>
<status status="PASS" starttime="20220930 20:45:59.162" endtime="20220930 20:45:59.177"/>
</kw>
<kw name="Page Should Contain Image" library="SeleniumLibrary">
<arg>${HOME.IMG_BAG}</arg>
<doc>Verifies image identified by ``locator`` is found from current page.</doc>
<msg timestamp="20220930 20:45:59.192" level="INFO">Current page contains image '//img[@src='/spree/products/23/small/ror_bag.jpeg?1552494900']'.</msg>
<status status="PASS" starttime="20220930 20:45:59.177" endtime="20220930 20:45:59.192"/>
</kw>
<status status="PASS" starttime="20220930 20:45:59.161" endtime="20220930 20:45:59.192"/>
</kw>
<kw name="E a seguinte mensagem deve ser apresentada" library="kws_busca">
<arg>Resultados da busca por 'Bag'</arg>
<kw name="Wait Until Page Contains" library="SeleniumLibrary">
<arg>${MESSAGE}</arg>
<doc>Waits until ``text`` appears on the current page.</doc>
<status status="PASS" starttime="20220930 20:45:59.193" endtime="20220930 20:45:59.201"/>
</kw>
<status status="PASS" starttime="20220930 20:45:59.193" endtime="20220930 20:45:59.202"/>
</kw>
<tag>BUSCA</tag>
<status status="PASS" starttime="20220930 20:45:58.492" endtime="20220930 20:45:59.202"/>
</test>
<kw name="Fechar navegador" library="hooks" type="TEARDOWN">
<kw name="Capture Page Screenshot" library="SeleniumLibrary">
<doc>Takes a screenshot of the current page and embeds it into a log file.</doc>
<msg timestamp="20220930 20:45:59.361" level="INFO" html="true">&lt;/td&gt;&lt;/tr&gt;&lt;tr&gt;&lt;td colspan="3"&gt;&lt;a href="selenium-screenshot-5.png"&gt;&lt;img src="selenium-screenshot-5.png" width="800px"&gt;&lt;/a&gt;</msg>
<status status="PASS" starttime="20220930 20:45:59.204" endtime="20220930 20:45:59.362"/>
</kw>
<kw name="Close Browser" library="SeleniumLibrary">
<doc>Closes the current browser.</doc>
<status status="PASS" starttime="20220930 20:45:59.362" endtime="20220930 20:46:01.616"/>
</kw>
<status status="PASS" starttime="20220930 20:45:59.203" endtime="20220930 20:46:01.616"/>
</kw>
<doc>Aqui neste arquivo estaram presentes todos os tipos de variaveis
que iremos estudar ao longo do treinamento.</doc>
<status status="PASS" starttime="20220930 20:45:52.302" endtime="20220930 20:46:01.616"/>
</suite>
<statistics>
<total>
<stat pass="1" fail="0" skip="0">All Tests</stat>
</total>
<tag>
<stat pass="1" fail="0" skip="0">BUSCA</stat>
</tag>
<suite>
<stat pass="1" fail="0" skip="0" id="s1" name="Webautomation">Webautomation</stat>
</suite>
</statistics>
<errors>
</errors>
</robot>
